#
# There is insufficient memory for the Java Runtime Environment to continue.
# Native memory allocation (malloc) failed to allocate 967536 bytes for Chunk::new
# Possible reasons:
#   The system is out of physical RAM or swap space
#   In 32 bit mode, the process size limit was hit
# Possible solutions:
#   Reduce memory load on the system
#   Increase physical memory or swap space
#   Check if swap backing store is full
#   Use 64 bit Java on a 64 bit OS
#   Decrease Java heap size (-Xmx/-Xms)
#   Decrease number of Java threads
#   Decrease Java thread stack sizes (-Xss)
#   Set larger code cache with -XX:ReservedCodeCacheSize=
# This output file may be truncated or incomplete.
#
#  Out of Memory Error (allocation.cpp:323), pid=14848, tid=12788
#
# JRE version: Java(TM) SE Runtime Environment (7.0_79-b15) (build 1.7.0_79-b15)
# Java VM: Java HotSpot(TM) 64-Bit Server VM (24.79-b02 mixed mode windows-amd64 compressed oops)
# Failed to write core dump. Minidumps are not enabled by default on client versions of Windows
#

---------------  T H R E A D  ---------------

Current thread (0x000000000858f800):  JavaThread "C2 CompilerThread0" daemon [_thread_in_native, id=12788, stack(0x0000000009b00000,0x0000000009c00000)]

Stack: [0x0000000009b00000,0x0000000009c00000]

Current CompileTask:
C2:   1224  199             com.android.dx.ssa.Dominators::run (506 bytes)


---------------  P R O C E S S  ---------------

Java Threads: ( => current thread )
  0x000000000a017000 JavaThread "pool-1-thread-4" [_thread_in_vm, id=14556, stack(0x000000000a700000,0x000000000a800000)]
  0x0000000009fc9800 JavaThread "pool-1-thread-3" [_thread_in_Java, id=13484, stack(0x000000000a600000,0x000000000a700000)]
  0x000000000a05f000 JavaThread "pool-1-thread-2" [_thread_in_vm, id=13924, stack(0x000000000a500000,0x000000000a600000)]
  0x0000000009fca800 JavaThread "pool-2-thread-1" [_thread_blocked, id=15028, stack(0x000000000a400000,0x000000000a500000)]
  0x00000000085ee800 JavaThread "pool-1-thread-1" [_thread_in_Java, id=16260, stack(0x000000000a300000,0x000000000a400000)]
  0x0000000008597000 JavaThread "Service Thread" daemon [_thread_blocked, id=14952, stack(0x0000000009d00000,0x0000000009e00000)]
  0x0000000008591000 JavaThread "C2 CompilerThread1" daemon [_thread_in_native, id=13320, stack(0x0000000009c00000,0x0000000009d00000)]
=>0x000000000858f800 JavaThread "C2 CompilerThread0" daemon [_thread_in_native, id=12788, stack(0x0000000009b00000,0x0000000009c00000)]
  0x000000000858e800 JavaThread "Attach Listener" daemon [_thread_blocked, id=14620, stack(0x0000000009a00000,0x0000000009b00000)]
  0x000000000858b800 JavaThread "Signal Dispatcher" daemon [_thread_blocked, id=13396, stack(0x0000000009900000,0x0000000009a00000)]
  0x0000000008539800 JavaThread "Finalizer" daemon [_thread_blocked, id=15040, stack(0x0000000009800000,0x0000000009900000)]
  0x0000000008536000 JavaThread "Reference Handler" daemon [_thread_blocked, id=14816, stack(0x0000000009700000,0x0000000009800000)]
  0x00000000024dd800 JavaThread "main" [_thread_in_Java, id=16088, stack(0x00000000024e0000,0x00000000025e0000)]

Other Threads:
  0x0000000008531000 VMThread [stack: 0x0000000009600000,0x0000000009700000] [id=15160]
  0x00000000085ba000 WatcherThread [stack: 0x0000000009e00000,0x0000000009f00000] [id=4972]

VM state:not at safepoint (normal execution)

VM Mutex/Monitor currently owned by a thread: None

Heap
 PSYoungGen      total 18944K, used 17885K [0x00000000eaa80000, 0x00000000ebf80000, 0x0000000100000000)
  eden space 16384K, 93% used [0x00000000eaa80000,0x00000000eb97df30,0x00000000eba80000)
  from space 2560K, 98% used [0x00000000eba80000,0x00000000ebcf96a0,0x00000000ebd00000)
  to   space 2560K, 0% used [0x00000000ebd00000,0x00000000ebd00000,0x00000000ebf80000)
 ParOldGen       total 41984K, used 2335K [0x00000000c0000000, 0x00000000c2900000, 0x00000000eaa80000)
  object space 41984K, 5% used [0x00000000c0000000,0x00000000c0247d60,0x00000000c2900000)
 PSPermGen       total 21504K, used 5445K [0x00000000bae00000, 0x00000000bc300000, 0x00000000c0000000)
  object space 21504K, 25% used [0x00000000bae00000,0x00000000bb351628,0x00000000bc300000)

Card table byte_map: [0x00000000057a0000,0x00000000059d0000] byte_map_base: 0x00000000051c9000

Polling page: 0x00000000001f0000

Code Cache  [0x00000000026e0000, 0x0000000002950000, 0x00000000056e0000)
 total_blobs=415 nmethods=199 adapters=168 free_code_cache=48386Kb largest_free_block=49517824

Compilation events (10 events):
Event: 1.127 Thread 0x0000000008591000 nmethod 195 0x000000000278e3d0 code [0x000000000278e580, 0x000000000278ef68]
Event: 1.127 Thread 0x0000000008591000  196             com.android.dx.ssa.SsaMethod::bitSetFromLabelList (47 bytes)
Event: 1.137 Thread 0x0000000008591000 nmethod 196 0x00000000027973d0 code [0x0000000002797540, 0x0000000002797988]
Event: 1.137 Thread 0x0000000008591000  197             com.android.dx.rop.code.BasicBlock::getPrimarySuccessor (5 bytes)
Event: 1.138 Thread 0x0000000008591000 nmethod 197 0x00000000027677d0 code [0x0000000002767900, 0x0000000002767958]
Event: 1.138 Thread 0x0000000008591000  198             com.android.dx.ssa.back.LivenessAnalyzer::run (231 bytes)
Event: 1.140 Thread 0x000000000858f800 nmethod 191 0x00000000027a1c50 code [0x00000000027a1ec0, 0x00000000027a2db0]
Event: 1.141 Thread 0x000000000858f800  199             com.android.dx.ssa.Dominators::run (506 bytes)
Event: 1.180 Thread 0x0000000008591000 nmethod 198 0x00000000027a4650 code [0x00000000027a48c0, 0x00000000027a5680]
Event: 1.181 Thread 0x0000000008591000  200             com.android.dx.ssa.SsaMethod::forEachBlockDepthFirst (194 bytes)

GC Heap History (2 events):
Event: 0.752 GC heap before
{Heap before GC invocations=1 (full 0):
 PSYoungGen      total 18944K, used 16384K [0x00000000eaa80000, 0x00000000ebf80000, 0x0000000100000000)
  eden space 16384K, 100% used [0x00000000eaa80000,0x00000000eba80000,0x00000000eba80000)
  from space 2560K, 0% used [0x00000000ebd00000,0x00000000ebd00000,0x00000000ebf80000)
  to   space 2560K, 0% used [0x00000000eba80000,0x00000000eba80000,0x00000000ebd00000)
 ParOldGen       total 41984K, used 0K [0x00000000c0000000, 0x00000000c2900000, 0x00000000eaa80000)
  object space 41984K, 0% used [0x00000000c0000000,0x00000000c0000000,0x00000000c2900000)
 PSPermGen       total 21504K, used 5275K [0x00000000bae00000, 0x00000000bc300000, 0x00000000c0000000)
  object space 21504K, 24% used [0x00000000bae00000,0x00000000bb326cc8,0x00000000bc300000)
Event: 0.762 GC heap after
Heap after GC invocations=1 (full 0):
 PSYoungGen      total 18944K, used 2533K [0x00000000eaa80000, 0x00000000ebf80000, 0x0000000100000000)
  eden space 16384K, 0% used [0x00000000eaa80000,0x00000000eaa80000,0x00000000eba80000)
  from space 2560K, 98% used [0x00000000eba80000,0x00000000ebcf96a0,0x00000000ebd00000)
  to   space 2560K, 0% used [0x00000000ebd00000,0x00000000ebd00000,0x00000000ebf80000)
 ParOldGen       total 41984K, used 2335K [0x00000000c0000000, 0x00000000c2900000, 0x00000000eaa80000)
  object space 41984K, 5% used [0x00000000c0000000,0x00000000c0247d60,0x00000000c2900000)
 PSPermGen       total 21504K, used 5275K [0x00000000bae00000, 0x00000000bc300000, 0x00000000c0000000)
  object space 21504K, 24% used [0x00000000bae00000,0x00000000bb326cc8,0x00000000bc300000)
}

Deoptimization events (10 events):
Event: 0.645 Thread 0x0000000009fc9800 Uncommon trap: reason=bimorphic action=maybe_recompile pc=0x0000000002753044 method=java.util.HashMap.getEntry(Ljava/lang/Object;)Ljava/util/HashMap$Entry; @ 68
Event: 0.646 Thread 0x0000000009fc9800 Uncommon trap: reason=class_check action=maybe_recompile pc=0x000000000275b7fc method=com.android.dx.ssa.SsaBasicBlock.forEachInsn(Lcom/android/dx/ssa/SsaInsn$Visitor;)V @ 23
Event: 0.646 Thread 0x0000000009fc9800 Uncommon trap: reason=class_check action=maybe_recompile pc=0x000000000275b7fc method=com.android.dx.ssa.SsaBasicBlock.forEachInsn(Lcom/android/dx/ssa/SsaInsn$Visitor;)V @ 23
Event: 0.646 Thread 0x0000000009fc9800 Uncommon trap: reason=class_check action=maybe_recompile pc=0x000000000275b7fc method=com.android.dx.ssa.SsaBasicBlock.forEachInsn(Lcom/android/dx/ssa/SsaInsn$Visitor;)V @ 23
Event: 0.646 Thread 0x0000000009fc9800 Uncommon trap: reason=class_check action=maybe_recompile pc=0x000000000275b7fc method=com.android.dx.ssa.SsaBasicBlock.forEachInsn(Lcom/android/dx/ssa/SsaInsn$Visitor;)V @ 23
Event: 0.659 Thread 0x00000000024dd800 Uncommon trap: reason=bimorphic action=maybe_recompile pc=0x0000000002753044 method=java.util.HashMap.getEntry(Ljava/lang/Object;)Ljava/util/HashMap$Entry; @ 68
Event: 0.661 Thread 0x00000000024dd800 Uncommon trap: reason=bimorphic action=maybe_recompile pc=0x0000000002753044 method=java.util.HashMap.getEntry(Ljava/lang/Object;)Ljava/util/HashMap$Entry; @ 68
Event: 0.802 Thread 0x000000000a05f000 Uncommon trap: reason=null_check action=make_not_entrant pc=0x0000000002770580 method=com.android.dx.rop.code.LocalItem.equals(Ljava/lang/Object;)Z @ 1
Event: 0.814 Thread 0x00000000085ee800 Uncommon trap: reason=class_check action=maybe_recompile pc=0x000000000276e934 method=com.android.dx.ssa.NormalSsaInsn.accept(Lcom/android/dx/ssa/SsaInsn$Visitor;)V @ 9
Event: 0.921 Thread 0x000000000a017000 Uncommon trap: reason=null_check action=make_not_entrant pc=0x0000000002773ae0 method=com.android.dx.rop.type.Type.equals(Ljava/lang/Object;)Z @ 8

Internal exceptions (10 events):
Event: 0.671 Thread 0x00000000024dd800 Threw 0x00000000eb857390 at C:\re\jdk7u79\2331\hotspot\src\share\vm\prims\jvm.cpp:1304
Event: 0.673 Thread 0x00000000024dd800 Threw 0x00000000eb85fd30 at C:\re\jdk7u79\2331\hotspot\src\share\vm\prims\jvm.cpp:1304
Event: 0.673 Thread 0x000000000a017000 Threw 0x00000000eb7ee478 at C:\re\jdk7u79\2331\hotspot\src\share\vm\prims\jvm.cpp:1304
Event: 0.675 Thread 0x00000000024dd800 Threw 0x00000000eb867020 at C:\re\jdk7u79\2331\hotspot\src\share\vm\prims\jvm.cpp:1304
Event: 0.677 Thread 0x00000000024dd800 Threw 0x00000000eb86ea10 at C:\re\jdk7u79\2331\hotspot\src\share\vm\prims\jvm.cpp:1304
Event: 0.793 Thread 0x0000000009fc9800 Threw 0x00000000eac10028 at C:\re\jdk7u79\2331\hotspot\src\share\vm\prims\jvm.cpp:1304
Event: 0.802 Thread 0x000000000a05f000 Implicit null exception at 0x0000000002770213 to 0x000000000277056d
Event: 0.814 Thread 0x00000000085ee800 Threw 0x00000000ead27418 at C:\re\jdk7u79\2331\hotspot\src\share\vm\prims\jvm.cpp:1304
Event: 0.921 Thread 0x000000000a017000 Implicit null exception at 0x00000000027739d2 to 0x0000000002773ad1
Event: 1.009 Thread 0x00000000085ee800 Threw 0x00000000eb3b00b0 at C:\re\jdk7u79\2331\hotspot\src\share\vm\prims\jvm.cpp:1304

Events (10 events):
Event: 0.814 loading class 0x000000000a2b10c0
Event: 0.814 loading class 0x000000000a2b10c0 done
Event: 0.814 Thread 0x00000000085ee800 Uncommon trap: trap_request=0xffffffde fr.pc=0x000000000276e934
Event: 0.814 Thread 0x00000000085ee800 DEOPT PACKING pc=0x000000000276e934 sp=0x000000000a3fec10
Event: 0.814 Thread 0x00000000085ee800 DEOPT UNPACKING pc=0x00000000027175a4 sp=0x000000000a3feb00 mode 2
Event: 0.921 Thread 0x000000000a017000 Uncommon trap: trap_request=0xfffffff4 fr.pc=0x0000000002773ae0
Event: 0.921 Thread 0x000000000a017000 DEOPT PACKING pc=0x0000000002773ae0 sp=0x000000000a7fed80
Event: 0.921 Thread 0x000000000a017000 DEOPT UNPACKING pc=0x00000000027175a4 sp=0x000000000a7fed28 mode 2
Event: 1.009 loading class 0x0000000009ffe730
Event: 1.009 loading class 0x0000000009ffe730 done


Dynamic libraries:
0x00007ff6e1a10000 - 0x00007ff6e1a43000 	C:\Program Files\Java\jdk1.7.0_79\bin\java.exe
0x00007ffe8bc80000 - 0x00007ffe8be41000 	C:\WINDOWS\SYSTEM32\ntdll.dll
0x00007ffe89080000 - 0x00007ffe8912d000 	C:\WINDOWS\system32\KERNEL32.DLL
0x00007ffe88380000 - 0x00007ffe88568000 	C:\WINDOWS\system32\KERNELBASE.dll
0x00007ffe8bbd0000 - 0x00007ffe8bc77000 	C:\WINDOWS\system32\ADVAPI32.dll
0x00007ffe8b5e0000 - 0x00007ffe8b67d000 	C:\WINDOWS\system32\msvcrt.dll
0x00007ffe8b3b0000 - 0x00007ffe8b40b000 	C:\WINDOWS\system32\sechost.dll
0x00007ffe8bab0000 - 0x00007ffe8bbcc000 	C:\WINDOWS\system32\RPCRT4.dll
0x00007ffe8a8b0000 - 0x00007ffe8aa06000 	C:\WINDOWS\system32\USER32.dll
0x00007ffe8ac70000 - 0x00007ffe8adf6000 	C:\WINDOWS\system32\GDI32.dll
0x00007ffe74cc0000 - 0x00007ffe74f34000 	C:\WINDOWS\WinSxS\amd64_microsoft.windows.common-controls_6595b64144ccf1df_6.0.10586.0_none_8c15ae12515e1c22\COMCTL32.dll
0x00007ffe8af60000 - 0x00007ffe8b1dd000 	C:\WINDOWS\system32\combase.dll
0x00007ffe88630000 - 0x00007ffe8869a000 	C:\WINDOWS\system32\bcryptPrimitives.dll
0x00007ffe8aae0000 - 0x00007ffe8ab1b000 	C:\WINDOWS\system32\IMM32.DLL
0x0000000067b10000 - 0x0000000067be2000 	C:\Program Files\Java\jdk1.7.0_79\jre\bin\msvcr100.dll
0x0000000067bf0000 - 0x00000000683c5000 	C:\Program Files\Java\jdk1.7.0_79\jre\bin\server\jvm.dll
0x00007ffe8b5d0000 - 0x00007ffe8b5d8000 	C:\WINDOWS\system32\PSAPI.DLL
0x00007ffe75590000 - 0x00007ffe75599000 	C:\WINDOWS\SYSTEM32\WSOCK32.dll
0x00007ffe869a0000 - 0x00007ffe869c3000 	C:\WINDOWS\SYSTEM32\WINMM.dll
0x00007ffe8a840000 - 0x00007ffe8a8ab000 	C:\WINDOWS\system32\WS2_32.dll
0x0000000002410000 - 0x000000000243c000 	C:\WINDOWS\SYSTEM32\WINMMBASE.dll
0x00007ffe88330000 - 0x00007ffe88373000 	C:\WINDOWS\system32\cfgmgr32.dll
0x0000000067b00000 - 0x0000000067b0f000 	C:\Program Files\Java\jdk1.7.0_79\jre\bin\verify.dll
0x0000000067ad0000 - 0x0000000067af8000 	C:\Program Files\Java\jdk1.7.0_79\jre\bin\java.dll
0x0000000067ab0000 - 0x0000000067ac5000 	C:\Program Files\Java\jdk1.7.0_79\jre\bin\zip.dll

VM Arguments:
jvm_args: -Djava.awt.headless=true -Xmx1024M -Dfile.encoding=x-windows-949 -Duser.country=US -Duser.language=en -Duser.variant 
java_command: com.android.dx.command.Main --dex --num-threads=4 --output C:\Users\Chloe\Documents\GitHub\Capstone-1-ui\app\build\intermediates\pre-dexed\debug\debug_32b8ad9ed5f9f80241a1747a938ea4cd5f75e93e.jar C:\Users\Chloe\Documents\GitHub\Capstone-1-ui\app\build\intermediates\classes\debug
Launcher Type: SUN_STANDARD

Environment Variables:
PATH=C:\ProgramData\Oracle\Java\javapath;C:\Program Files (x86)\Intel\iCLS Client\;C:\Program Files\Intel\iCLS Client\;C:\WINDOWS\system32;C:\WINDOWS;C:\WINDOWS\System32\Wbem;C:\WINDOWS\System32\WindowsPowerShell\v1.0\;C:\Program Files (x86)\Windows Live\Shared;C:\Program Files\Intel\Intel(R) Management Engine Components\DAL;C:\Program Files\Intel\Intel(R) Management Engine Components\IPT;C:\Program Files (x86)\Intel\Intel(R) Management Engine Components\DAL;C:\Program Files (x86)\Intel\Intel(R) Management Engine Components\IPT;C:\Program Files (x86)\Intel\OpenCL SDK\2.0\bin\x86;C:\Program Files (x86)\Intel\OpenCL SDK\2.0\bin\x64;C:\Program Files\Intel\WiFi\bin\;C:\Program Files\Common Files\Intel\WirelessCommon\;C:\Program Files\Git\cmd;C:\Program Files\Git\mingw64\bin;C:\Program Files\Git\usr\bin;C:\Program Files (x86)\Windows Kits\8.1\Windows Performance Toolkit\;C:\Program Files\Microsoft SQL Server\Client SDK\ODBC\110\Tools\Binn\;C:\Program Files (x86)\Microsoft SQL Server\120\Tools\Binn\;C:\Program Files\Microsoft SQL Server\120\Tools\Binn\;C:\Program Files\Microsoft SQL Server\120\DTS\Binn\;C:\Program Files (x86)\Microsoft SQL Server\120\Tools\Binn\ManagementStudio\;C:\Program Files (x86)\Microsoft SQL Server\120\DTS\Binn\;
USERNAME=Chloe
OS=Windows_NT
PROCESSOR_IDENTIFIER=Intel64 Family 6 Model 58 Stepping 9, GenuineIntel



---------------  S Y S T E M  ---------------

OS: Windows 8.1 , 64 bit Build 9600 

CPU:total 4 (2 cores per cpu, 2 threads per core) family 6 model 58 stepping 9, cmov, cx8, fxsr, mmx, sse, sse2, sse3, ssse3, sse4.1, sse4.2, popcnt, avx, erms, ht, tsc, tscinvbit, tscinv

Memory: 4k page, physical 4050312k(426872k free), swap 8630064k(6136k free)

vm_info: Java HotSpot(TM) 64-Bit Server VM (24.79-b02) for windows-amd64 JRE (1.7.0_79-b15), built on Apr 10 2015 12:36:16 by "java_re" with unknown MS VC++:1600

time: Tue May 10 22:20:07 2016
elapsed time: 1 seconds

