#
# There is insufficient memory for the Java Runtime Environment to continue.
# Native memory allocation (malloc) failed to allocate 213456 bytes for Chunk::new
# Possible reasons:
#   The system is out of physical RAM or swap space
#   In 32 bit mode, the process size limit was hit
# Possible solutions:
#   Reduce memory load on the system
#   Increase physical memory or swap space
#   Check if swap backing store is full
#   Use 64 bit Java on a 64 bit OS
#   Decrease Java heap size (-Xmx/-Xms)
#   Decrease number of Java threads
#   Decrease Java thread stack sizes (-Xss)
#   Set larger code cache with -XX:ReservedCodeCacheSize=
# This output file may be truncated or incomplete.
#
#  Out of Memory Error (allocation.cpp:323), pid=15084, tid=15848
#
# JRE version: Java(TM) SE Runtime Environment (7.0_79-b15) (build 1.7.0_79-b15)
# Java VM: Java HotSpot(TM) 64-Bit Server VM (24.79-b02 mixed mode windows-amd64 compressed oops)
# Failed to write core dump. Minidumps are not enabled by default on client versions of Windows
#

---------------  T H R E A D  ---------------

Current thread (0x000000000851b800):  JavaThread "C2 CompilerThread1" daemon [_thread_in_native, id=15848, stack(0x0000000009b90000,0x0000000009c90000)]

Stack: [0x0000000009b90000,0x0000000009c90000]

Current CompileTask:
C2:   1238  197             com.android.dx.ssa.LocalVariableExtractor::processBlock (383 bytes)


---------------  P R O C E S S  ---------------

Java Threads: ( => current thread )
  0x000000000851d000 JavaThread "pool-1-thread-4" [_thread_in_Java, id=13572, stack(0x000000000a690000,0x000000000a790000)]
  0x000000000851f800 JavaThread "pool-1-thread-3" [_thread_in_Java, id=1512, stack(0x000000000a590000,0x000000000a690000)]
  0x000000000851c800 JavaThread "pool-1-thread-2" [_thread_in_Java, id=11256, stack(0x000000000a490000,0x000000000a590000)]
  0x0000000008521000 JavaThread "pool-2-thread-1" [_thread_blocked, id=14396, stack(0x000000000a390000,0x000000000a490000)]
  0x0000000008522800 JavaThread "pool-1-thread-1" [_thread_in_Java, id=11752, stack(0x000000000a290000,0x000000000a390000)]
  0x0000000008520000 JavaThread "Service Thread" daemon [_thread_blocked, id=16104, stack(0x0000000009c90000,0x0000000009d90000)]
=>0x000000000851b800 JavaThread "C2 CompilerThread1" daemon [_thread_in_native, id=15848, stack(0x0000000009b90000,0x0000000009c90000)]
  0x0000000008526000 JavaThread "C2 CompilerThread0" daemon [_thread_in_native, id=13728, stack(0x0000000009a90000,0x0000000009b90000)]
  0x0000000008521800 JavaThread "Attach Listener" daemon [_thread_blocked, id=16048, stack(0x0000000009990000,0x0000000009a90000)]
  0x000000000851e000 JavaThread "Signal Dispatcher" daemon [_thread_blocked, id=15720, stack(0x0000000009890000,0x0000000009990000)]
  0x00000000084cf000 JavaThread "Finalizer" daemon [_thread_blocked, id=10536, stack(0x0000000009790000,0x0000000009890000)]
  0x00000000084c6000 JavaThread "Reference Handler" daemon [_thread_blocked, id=14732, stack(0x0000000009690000,0x0000000009790000)]
  0x0000000000a2d800 JavaThread "main" [_thread_in_Java, id=14312, stack(0x0000000002530000,0x0000000002630000)]

Other Threads:
  0x00000000084c1000 VMThread [stack: 0x0000000009590000,0x0000000009690000] [id=15568]
  0x0000000008552000 WatcherThread [stack: 0x0000000009d90000,0x0000000009e90000] [id=14700]

VM state:not at safepoint (normal execution)

VM Mutex/Monitor currently owned by a thread: None

Heap
 PSYoungGen      total 18944K, used 17214K [0x00000000eaa80000, 0x00000000ebf80000, 0x0000000100000000)
  eden space 16384K, 89% used [0x00000000eaa80000,0x00000000eb8d68f0,0x00000000eba80000)
  from space 2560K, 98% used [0x00000000eba80000,0x00000000ebcf90b8,0x00000000ebd00000)
  to   space 2560K, 0% used [0x00000000ebd00000,0x00000000ebd00000,0x00000000ebf80000)
 ParOldGen       total 41984K, used 2359K [0x00000000c0000000, 0x00000000c2900000, 0x00000000eaa80000)
  object space 41984K, 5% used [0x00000000c0000000,0x00000000c024dd98,0x00000000c2900000)
 PSPermGen       total 21504K, used 5443K [0x00000000bae00000, 0x00000000bc300000, 0x00000000c0000000)
  object space 21504K, 25% used [0x00000000bae00000,0x00000000bb350ea0,0x00000000bc300000)

Card table byte_map: [0x0000000005730000,0x0000000005960000] byte_map_base: 0x0000000005159000

Polling page: 0x00000000001f0000

Code Cache  [0x0000000002730000, 0x00000000029a0000, 0x0000000005730000)
 total_blobs=413 nmethods=197 adapters=168 free_code_cache=48417Kb largest_free_block=49549632

Compilation events (10 events):
Event: 1.195 Thread 0x0000000008526000 nmethod 194 0x00000000027dec10 code [0x00000000027dee20, 0x00000000027df0d8]
Event: 1.195 Thread 0x0000000008526000  195             com.android.dx.rop.code.BasicBlock::getPrimarySuccessor (5 bytes)
Event: 1.196 Thread 0x0000000008526000 nmethod 195 0x00000000027dea10 code [0x00000000027deb40, 0x00000000027deb98]
Event: 1.196 Thread 0x0000000008526000  196             com.android.dx.ssa.SsaMethod::bitSetFromLabelList (47 bytes)
Event: 1.196 Thread 0x000000000851b800 nmethod 193 0x00000000027de1d0 code [0x00000000027de340, 0x00000000027de658]
Event: 1.196 Thread 0x000000000851b800  197             com.android.dx.ssa.LocalVariableExtractor::processBlock (383 bytes)
Event: 1.205 Thread 0x0000000008526000 nmethod 196 0x00000000027dcd10 code [0x00000000027dce80, 0x00000000027dd2c8]
Event: 1.205 Thread 0x0000000008526000  198             com.android.dx.util.Bits::get (25 bytes)
Event: 1.206 Thread 0x0000000008526000 nmethod 198 0x00000000027ddf50 code [0x00000000027de080, 0x00000000027de118]
Event: 1.206 Thread 0x0000000008526000  199             com.android.dx.ssa.Dominators::run (506 bytes)

GC Heap History (2 events):
Event: 0.845 GC heap before
{Heap before GC invocations=1 (full 0):
 PSYoungGen      total 18944K, used 16384K [0x00000000eaa80000, 0x00000000ebf80000, 0x0000000100000000)
  eden space 16384K, 100% used [0x00000000eaa80000,0x00000000eba80000,0x00000000eba80000)
  from space 2560K, 0% used [0x00000000ebd00000,0x00000000ebd00000,0x00000000ebf80000)
  to   space 2560K, 0% used [0x00000000eba80000,0x00000000eba80000,0x00000000ebd00000)
 ParOldGen       total 41984K, used 0K [0x00000000c0000000, 0x00000000c2900000, 0x00000000eaa80000)
  object space 41984K, 0% used [0x00000000c0000000,0x00000000c0000000,0x00000000c2900000)
 PSPermGen       total 21504K, used 5271K [0x00000000bae00000, 0x00000000bc300000, 0x00000000c0000000)
  object space 21504K, 24% used [0x00000000bae00000,0x00000000bb325d10,0x00000000bc300000)
Event: 0.856 GC heap after
Heap after GC invocations=1 (full 0):
 PSYoungGen      total 18944K, used 2532K [0x00000000eaa80000, 0x00000000ebf80000, 0x0000000100000000)
  eden space 16384K, 0% used [0x00000000eaa80000,0x00000000eaa80000,0x00000000eba80000)
  from space 2560K, 98% used [0x00000000eba80000,0x00000000ebcf90b8,0x00000000ebd00000)
  to   space 2560K, 0% used [0x00000000ebd00000,0x00000000ebd00000,0x00000000ebf80000)
 ParOldGen       total 41984K, used 2359K [0x00000000c0000000, 0x00000000c2900000, 0x00000000eaa80000)
  object space 41984K, 5% used [0x00000000c0000000,0x00000000c024dd98,0x00000000c2900000)
 PSPermGen       total 21504K, used 5271K [0x00000000bae00000, 0x00000000bc300000, 0x00000000c0000000)
  object space 21504K, 24% used [0x00000000bae00000,0x00000000bb325d10,0x00000000bc300000)
}

Deoptimization events (10 events):
Event: 0.748 Thread 0x0000000008522800 Uncommon trap: reason=class_check action=maybe_recompile pc=0x00000000027aeb3c method=com.android.dx.ssa.SsaBasicBlock.forEachInsn(Lcom/android/dx/ssa/SsaInsn$Visitor;)V @ 23
Event: 0.748 Thread 0x0000000000a2d800 Uncommon trap: reason=bimorphic action=maybe_recompile pc=0x00000000027a7d8c method=java.util.HashMap.getEntry(Ljava/lang/Object;)Ljava/util/HashMap$Entry; @ 68
Event: 0.748 Thread 0x0000000008522800 Uncommon trap: reason=class_check action=maybe_recompile pc=0x00000000027aeb3c method=com.android.dx.ssa.SsaBasicBlock.forEachInsn(Lcom/android/dx/ssa/SsaInsn$Visitor;)V @ 23
Event: 0.748 Thread 0x0000000008522800 Uncommon trap: reason=class_check action=maybe_recompile pc=0x00000000027aeb3c method=com.android.dx.ssa.SsaBasicBlock.forEachInsn(Lcom/android/dx/ssa/SsaInsn$Visitor;)V @ 23
Event: 0.750 Thread 0x0000000000a2d800 Uncommon trap: reason=bimorphic action=maybe_recompile pc=0x00000000027a7d8c method=java.util.HashMap.getEntry(Ljava/lang/Object;)Ljava/util/HashMap$Entry; @ 68
Event: 0.886 Thread 0x000000000851c800 Uncommon trap: reason=class_check action=maybe_recompile pc=0x00000000027b8078 method=com.android.dx.ssa.NormalSsaInsn.accept(Lcom/android/dx/ssa/SsaInsn$Visitor;)V @ 9
Event: 0.914 Thread 0x0000000008522800 Uncommon trap: reason=null_check action=make_not_entrant pc=0x00000000027c2ea0 method=com.android.dx.rop.code.LocalItem.equals(Ljava/lang/Object;)Z @ 1
Event: 0.984 Thread 0x000000000851d000 Uncommon trap: reason=class_check action=maybe_recompile pc=0x00000000027c2450 method=com.android.dx.rop.type.Type.equals(Ljava/lang/Object;)Z @ 8
Event: 0.994 Thread 0x000000000851c800 Uncommon trap: reason=null_check action=make_not_entrant pc=0x00000000027c2460 method=com.android.dx.rop.type.Type.equals(Ljava/lang/Object;)Z @ 8
Event: 1.219 Thread 0x0000000000a2d800 Uncommon trap: reason=null_check action=make_not_entrant pc=0x00000000027ee320 method=com.android.dx.rop.type.Type.putIntern(Lcom/android/dx/rop/type/Type;)Lcom/android/dx/rop/type/Type; @ 18

Internal exceptions (10 events):
Event: 0.770 Thread 0x0000000000a2d800 Threw 0x00000000eb80dbf8 at C:\re\jdk7u79\2331\hotspot\src\share\vm\prims\jvm.cpp:1304
Event: 0.770 Thread 0x000000000851f800 Threw 0x00000000eb706628 at C:\re\jdk7u79\2331\hotspot\src\share\vm\prims\jvm.cpp:1304
Event: 0.772 Thread 0x0000000000a2d800 Threw 0x00000000eb814ee8 at C:\re\jdk7u79\2331\hotspot\src\share\vm\prims\jvm.cpp:1304
Event: 0.773 Thread 0x0000000000a2d800 Threw 0x00000000eb8c07b0 at C:\re\jdk7u79\2331\hotspot\src\share\vm\prims\jvm.cpp:1304
Event: 0.875 Thread 0x000000000851c800 Threw 0x00000000eaba5bd0 at C:\re\jdk7u79\2331\hotspot\src\share\vm\prims\jvm.cpp:1304
Event: 0.885 Thread 0x000000000851c800 Threw 0x00000000eabba930 at C:\re\jdk7u79\2331\hotspot\src\share\vm\prims\jvm.cpp:1304
Event: 0.914 Thread 0x0000000008522800 Implicit null exception at 0x00000000027c2b63 to 0x00000000027c2e8d
Event: 0.994 Thread 0x000000000851c800 Implicit null exception at 0x00000000027c2352 to 0x00000000027c2451
Event: 1.093 Thread 0x000000000851c800 Threw 0x00000000eb2148c0 at C:\re\jdk7u79\2331\hotspot\src\share\vm\prims\jvm.cpp:1304
Event: 1.219 Thread 0x0000000000a2d800 Implicit null exception at 0x00000000027edc33 to 0x00000000027ee311

Events (10 events):
Event: 0.984 Thread 0x000000000851d000 DEOPT PACKING pc=0x00000000027c2450 sp=0x000000000a78e130
Event: 0.984 Thread 0x000000000851d000 DEOPT UNPACKING pc=0x00000000027675a4 sp=0x000000000a78e0c8 mode 2
Event: 0.994 Thread 0x000000000851c800 Uncommon trap: trap_request=0xfffffff4 fr.pc=0x00000000027c2460
Event: 0.994 Thread 0x000000000851c800 DEOPT PACKING pc=0x00000000027c2460 sp=0x000000000a58ebd0
Event: 0.994 Thread 0x000000000851c800 DEOPT UNPACKING pc=0x00000000027675a4 sp=0x000000000a58eb78 mode 2
Event: 1.093 loading class 0x0000000009f93e60
Event: 1.093 loading class 0x0000000009f93e60 done
Event: 1.219 Thread 0x0000000000a2d800 Uncommon trap: trap_request=0xfffffff4 fr.pc=0x00000000027ee320
Event: 1.219 Thread 0x0000000000a2d800 DEOPT PACKING pc=0x00000000027ee320 sp=0x000000000262e3a0
Event: 1.219 Thread 0x0000000000a2d800 DEOPT UNPACKING pc=0x00000000027675a4 sp=0x000000000262e2c0 mode 2


Dynamic libraries:
0x00007ff6e1a10000 - 0x00007ff6e1a43000 	C:\Program Files\Java\jdk1.7.0_79\bin\java.exe
0x00007ffe8bc80000 - 0x00007ffe8be41000 	C:\WINDOWS\SYSTEM32\ntdll.dll
0x00007ffe89080000 - 0x00007ffe8912d000 	C:\WINDOWS\system32\KERNEL32.DLL
0x00007ffe88380000 - 0x00007ffe88568000 	C:\WINDOWS\system32\KERNELBASE.dll
0x00007ffe8bbd0000 - 0x00007ffe8bc77000 	C:\WINDOWS\system32\ADVAPI32.dll
0x00007ffe8b5e0000 - 0x00007ffe8b67d000 	C:\WINDOWS\system32\msvcrt.dll
0x00007ffe8b3b0000 - 0x00007ffe8b40b000 	C:\WINDOWS\system32\sechost.dll
0x00007ffe8bab0000 - 0x00007ffe8bbcc000 	C:\WINDOWS\system32\RPCRT4.dll
0x00007ffe8a8b0000 - 0x00007ffe8aa06000 	C:\WINDOWS\system32\USER32.dll
0x00007ffe8ac70000 - 0x00007ffe8adf6000 	C:\WINDOWS\system32\GDI32.dll
0x00007ffe74cc0000 - 0x00007ffe74f34000 	C:\WINDOWS\WinSxS\amd64_microsoft.windows.common-controls_6595b64144ccf1df_6.0.10586.0_none_8c15ae12515e1c22\COMCTL32.dll
0x00007ffe8af60000 - 0x00007ffe8b1dd000 	C:\WINDOWS\system32\combase.dll
0x00007ffe88630000 - 0x00007ffe8869a000 	C:\WINDOWS\system32\bcryptPrimitives.dll
0x00007ffe8aae0000 - 0x00007ffe8ab1b000 	C:\WINDOWS\system32\IMM32.DLL
0x0000000067b10000 - 0x0000000067be2000 	C:\Program Files\Java\jdk1.7.0_79\jre\bin\msvcr100.dll
0x0000000067bf0000 - 0x00000000683c5000 	C:\Program Files\Java\jdk1.7.0_79\jre\bin\server\jvm.dll
0x00007ffe8b5d0000 - 0x00007ffe8b5d8000 	C:\WINDOWS\system32\PSAPI.DLL
0x00007ffe75590000 - 0x00007ffe75599000 	C:\WINDOWS\SYSTEM32\WSOCK32.dll
0x00007ffe8a840000 - 0x00007ffe8a8ab000 	C:\WINDOWS\system32\WS2_32.dll
0x00007ffe869a0000 - 0x00007ffe869c3000 	C:\WINDOWS\SYSTEM32\WINMM.dll
0x00007ffe86970000 - 0x00007ffe8699c000 	C:\WINDOWS\SYSTEM32\WINMMBASE.dll
0x00007ffe88330000 - 0x00007ffe88373000 	C:\WINDOWS\system32\cfgmgr32.dll
0x0000000067b00000 - 0x0000000067b0f000 	C:\Program Files\Java\jdk1.7.0_79\jre\bin\verify.dll
0x0000000067ad0000 - 0x0000000067af8000 	C:\Program Files\Java\jdk1.7.0_79\jre\bin\java.dll
0x0000000067ab0000 - 0x0000000067ac5000 	C:\Program Files\Java\jdk1.7.0_79\jre\bin\zip.dll

VM Arguments:
jvm_args: -Djava.awt.headless=true -Xmx1024M -Dfile.encoding=x-windows-949 -Duser.country=US -Duser.language=en -Duser.variant 
java_command: com.android.dx.command.Main --dex --num-threads=4 --output C:\Users\Chloe\Documents\GitHub\Capstone-1-ui\app\build\intermediates\pre-dexed\debug\debug_32b8ad9ed5f9f80241a1747a938ea4cd5f75e93e.jar C:\Users\Chloe\Documents\GitHub\Capstone-1-ui\app\build\intermediates\classes\debug
Launcher Type: SUN_STANDARD

Environment Variables:
PATH=C:\ProgramData\Oracle\Java\javapath;C:\Program Files (x86)\Intel\iCLS Client\;C:\Program Files\Intel\iCLS Client\;C:\WINDOWS\system32;C:\WINDOWS;C:\WINDOWS\System32\Wbem;C:\WINDOWS\System32\WindowsPowerShell\v1.0\;C:\Program Files (x86)\Windows Live\Shared;C:\Program Files\Intel\Intel(R) Management Engine Components\DAL;C:\Program Files\Intel\Intel(R) Management Engine Components\IPT;C:\Program Files (x86)\Intel\Intel(R) Management Engine Components\DAL;C:\Program Files (x86)\Intel\Intel(R) Management Engine Components\IPT;C:\Program Files (x86)\Intel\OpenCL SDK\2.0\bin\x86;C:\Program Files (x86)\Intel\OpenCL SDK\2.0\bin\x64;C:\Program Files\Intel\WiFi\bin\;C:\Program Files\Common Files\Intel\WirelessCommon\;C:\Program Files\Git\cmd;C:\Program Files\Git\mingw64\bin;C:\Program Files\Git\usr\bin;C:\Program Files (x86)\Windows Kits\8.1\Windows Performance Toolkit\;C:\Program Files\Microsoft SQL Server\Client SDK\ODBC\110\Tools\Binn\;C:\Program Files (x86)\Microsoft SQL Server\120\Tools\Binn\;C:\Program Files\Microsoft SQL Server\120\Tools\Binn\;C:\Program Files\Microsoft SQL Server\120\DTS\Binn\;C:\Program Files (x86)\Microsoft SQL Server\120\Tools\Binn\ManagementStudio\;C:\Program Files (x86)\Microsoft SQL Server\120\DTS\Binn\;
USERNAME=Chloe
OS=Windows_NT
PROCESSOR_IDENTIFIER=Intel64 Family 6 Model 58 Stepping 9, GenuineIntel



---------------  S Y S T E M  ---------------

OS: Windows 8.1 , 64 bit Build 9600 

CPU:total 4 (2 cores per cpu, 2 threads per core) family 6 model 58 stepping 9, cmov, cx8, fxsr, mmx, sse, sse2, sse3, ssse3, sse4.1, sse4.2, popcnt, avx, erms, ht, tsc, tscinvbit, tscinv

Memory: 4k page, physical 4050312k(424588k free), swap 8632092k(5236k free)

vm_info: Java HotSpot(TM) 64-Bit Server VM (24.79-b02) for windows-amd64 JRE (1.7.0_79-b15), built on Apr 10 2015 12:36:16 by "java_re" with unknown MS VC++:1600

time: Tue May 10 22:20:50 2016
elapsed time: 1 seconds

